-------------------------------------------------------------------------------
Test set: com.baeldung.kafka.ssl.KafkaSslApplicationLiveTest
-------------------------------------------------------------------------------
Tests run: 1, Failures: 0, Errors: 1, Skipped: 0, Time elapsed: 0.389 s <<< FAILURE! - in com.baeldung.kafka.ssl.KafkaSslApplicationLiveTest
givenSslIsConfigured_whenProducerSendsMessageOverSsl_thenConsumerReceivesOverSsl  Time elapsed: 0 s  <<< ERROR!
java.nio.file.InvalidPathException: Illegal char <"> at index 0: "C:\Users\SOULEYSANOGO\AppData\Local\Android\sdk\tools
	at com.baeldung.kafka.ssl.KafkaSslApplicationLiveTest.<init>(KafkaSslApplicationLiveTest.java:31)

