<?xml version="1.0" encoding="UTF-8"?>
<testsuite xmlns:xsi="http://www.w3.org/2001/XMLSchema-instance" xsi:noNamespaceSchemaLocation="https://maven.apache.org/surefire/maven-surefire-plugin/xsd/surefire-test-report.xsd" name="com.baeldung.kafka.streams.KafkaStreamsApplicationLiveTest" time="0.302" tests="1" errors="1" skipped="0" failures="0">
  <properties>
[...]
</properties>
  <testcase name="com.baeldung.kafka.streams.KafkaStreamsApplicationLiveTest" classname="com.baeldung.kafka.streams.KafkaStreamsApplicationLiveTest" time="0.302">
    <error message="Illegal char &lt;&quot;&gt; at index 0: &quot;C:\Users\SOULEYSANOGO\AppData\Local\Android\sdk\tools" type="java.nio.file.InvalidPathException"><![CDATA[java.nio.file.InvalidPathException: Illegal char <"> at index 0: "C:\Users\SOULEYSANOGO\AppData\Local\Android\sdk\tools
]]></error>
    <system-out><![CDATA[17:09:59.562 [main] INFO  o.s.b.t.c.SpringBootTestContextBootstrapper - Neither @ContextConfiguration nor @ContextHierarchy found for test class [com.baeldung.kafka.streams.KafkaStreamsApplicationLiveTest], using SpringBootContextLoader
17:09:59.564 [main] INFO  o.s.t.c.s.AbstractContextLoader - Could not detect default resource locations for test class [com.baeldung.kafka.streams.KafkaStreamsApplicationLiveTest]: no resource found for suffixes {-context.xml, Context.groovy}.
17:09:59.575 [main] INFO  o.s.b.t.c.SpringBootTestContextBootstrapper - Loaded default TestExecutionListener class names from location [META-INF/spring.factories]: [org.springframework.test.context.web.ServletTestExecutionListener, org.springframework.test.context.support.DirtiesContextBeforeModesTestExecutionListener, org.springframework.test.context.event.ApplicationEventsTestExecutionListener, org.springframework.test.context.support.DependencyInjectionTestExecutionListener, org.springframework.test.context.support.DirtiesContextTestExecutionListener, org.springframework.test.context.transaction.TransactionalTestExecutionListener, org.springframework.test.context.jdbc.SqlScriptsTestExecutionListener, org.springframework.test.context.event.EventPublishingTestExecutionListener, org.springframework.boot.test.mock.mockito.MockitoTestExecutionListener, org.springframework.boot.test.mock.mockito.ResetMocksTestExecutionListener, org.springframework.boot.test.autoconfigure.restdocs.RestDocsTestExecutionListener, org.springframework.boot.test.autoconfigure.web.client.MockRestServiceServerResetTestExecutionListener, org.springframework.boot.test.autoconfigure.web.servlet.MockMvcPrintOnlyOnFailureTestExecutionListener, org.springframework.boot.test.autoconfigure.web.servlet.WebDriverTestExecutionListener, org.springframework.boot.test.autoconfigure.webservices.client.MockWebServiceServerTestExecutionListener]
17:09:59.575 [main] INFO  o.s.b.t.c.SpringBootTestContextBootstrapper - Using TestExecutionListeners: [org.springframework.test.context.web.ServletTestExecutionListener@d1c5cf2, org.springframework.test.context.support.DirtiesContextBeforeModesTestExecutionListener@7e0986c9, org.springframework.test.context.event.ApplicationEventsTestExecutionListener@1377b1a0, org.springframework.boot.test.mock.mockito.MockitoTestExecutionListener@48cf8414, org.springframework.boot.test.autoconfigure.SpringBootDependencyInjectionTestExecutionListener@27dbaa33, org.springframework.test.context.support.DirtiesContextTestExecutionListener@15d65fcf, org.springframework.test.context.transaction.TransactionalTestExecutionListener@3b021664, org.springframework.test.context.jdbc.SqlScriptsTestExecutionListener@f59da34, org.springframework.test.context.event.EventPublishingTestExecutionListener@752973de, org.springframework.boot.test.mock.mockito.ResetMocksTestExecutionListener@52a67293, org.springframework.boot.test.autoconfigure.restdocs.RestDocsTestExecutionListener@793cef95, org.springframework.boot.test.autoconfigure.web.client.MockRestServiceServerResetTestExecutionListener@38f502fc, org.springframework.boot.test.autoconfigure.web.servlet.MockMvcPrintOnlyOnFailureTestExecutionListener@67c21bf, org.springframework.boot.test.autoconfigure.web.servlet.WebDriverTestExecutionListener@67afe909, org.springframework.boot.test.autoconfigure.webservices.client.MockWebServiceServerTestExecutionListener@79f1e22e]
]]></system-out>
  </testcase>
</testsuite>